Build started 31/07/2015 13:58:06.
     1>Project "D:\Google Drive\VSProjects\VideoAnotationPreProcess\VideoAnotationPreProcess\VideoAnotationPreProcess.vcxproj" on node 2 (Rebuild target(s)).
     1>ClCompile:
         C:\Program Files (x86)\Microsoft Visual Studio 12.0\VC\bin\CL.exe /c /ID:\Software\opencv\build\include /ID:\Software\ffmpeg\include /Zi /nologo /W3 /WX- /O2 /Oi /Oy- /GL /D WIN32 /D NDEBUG /D _CONSOLE /D _LIB /D _UNICODE /D UNICODE /Gm- /EHsc /MD /GS /Gy /fp:precise /Zc:wchar_t /Zc:forScope /Fo"Release\\" /Fd"Release\vc120.pdb" /Gd /TP /analyze- /errorReport:prompt VideoAnotationPreProcess.cpp
         VideoAnotationPreProcess.cpp
     1>VideoAnotationPreProcess.cpp(10): warning C4067: unexpected tokens following preprocessor directive - expected a newline
       Link:
         C:\Program Files (x86)\Microsoft Visual Studio 12.0\VC\bin\link.exe /ERRORREPORT:PROMPT /OUT:"D:\Google Drive\VSProjects\VideoAnotationPreProcess\Release\VideoAnotationPreProcess.exe" /INCREMENTAL:NO /NOLOGO /LIBPATH:D:\Software\opencv\build\x64\vc12\lib /LIBPATH:D:\Software\ffmpeg\lib avcodec.lib avformat.lib avutil.lib swscale.lib opencv_features2d249.lib opencv_core249.lib opencv_nonfree249.lib opencv_highgui249.lib kernel32.lib user32.lib gdi32.lib winspool.lib comdlg32.lib advapi32.lib shell32.lib ole32.lib oleaut32.lib uuid.lib odbc32.lib odbccp32.lib /MANIFEST /MANIFESTUAC:"level='asInvoker' uiAccess='false'" /manifest:embed /DEBUG /PDB:"D:\Google Drive\VSProjects\VideoAnotationPreProcess\Release\VideoAnotationPreProcess.pdb" /SUBSYSTEM:CONSOLE /OPT:REF /OPT:ICF /LTCG /TLBID:1 /DYNAMICBASE /NXCOMPAT /IMPLIB:"D:\Google Drive\VSProjects\VideoAnotationPreProcess\Release\VideoAnotationPreProcess.lib" /MACHINE:X86 /SAFESEH Release\VideoAnotationPreProcess.obj
     1>opencv_highgui249.lib(opencv_highgui249.dll) : fatal error LNK1112: module machine type 'x64' conflicts with target machine type 'X86'
     1>Done Building Project "D:\Google Drive\VSProjects\VideoAnotationPreProcess\VideoAnotationPreProcess\VideoAnotationPreProcess.vcxproj" (Rebuild target(s)) -- FAILED.

Build FAILED.

Time Elapsed 00:00:00.71
